<?xml version="1.0" encoding="UTF-8"?>
<!-- Generated by org.testng.reporters.JUnitReportReporter -->
<testsuite hostname="JHANSI-PC" name="tables.Table" tests="1" failures="0" timestamp="13 Dec 2018 08:07:33 GMT" time="51.447" errors="0">
  <testcase name="WebTable1" time="51.447" classname="tables.Table"/>
</testsuite> <!-- tables.Table -->
